#
# A fatal error has been detected by the Java Runtime Environment:
#
#  Internal Error (javaCalls.cpp:51), pid=6892, tid=0x0000000000000ce0
#  guarantee(thread->is_Java_thread()) failed: crucial check - the VM thread cannot and must not escape to Java code
#
# JRE version: Java(TM) SE Runtime Environment (8.0_241-b07) (build 1.8.0_241-b07)
# Java VM: Java HotSpot(TM) 64-Bit Server VM (25.241-b07 mixed mode windows-amd64 compressed oops)
# Failed to write core dump. Minidumps are not enabled by default on client versions of Windows
#
# If you would like to submit a bug report, please visit:
#   http://bugreport.java.com/bugreport/crash.jsp
#

---------------  T H R E A D  ---------------

Current thread (0x00000000577bd800):  VMThread [stack: 0x0000000058900000,0x0000000058a00000] [id=3296]

Stack: [0x0000000058900000,0x0000000058a00000]
[error occurred during error reporting (printing stack bounds), id 0xc0000005]

Native frames: (J=compiled Java code, j=interpreted, Vv=VM code, C=native code)

VM_Operation (0x000000005908f2e0): GetOrSetLocal, mode: safepoint, requested by thread 0x000000005782c800


---------------  P R O C E S S  ---------------

Java Threads: ( => current thread )
  0x0000000058c3e000 JavaThread "pool-2-thread-1" [_thread_blocked, id=5884, stack(0x000000005b050000,0x000000005b150000)]
  0x0000000058c3d800 JavaThread "Thread-4" daemon [_thread_in_Java, id=7360, stack(0x000000005b6f0000,0x000000005b7f0000)]
  0x000000005a7cb800 JavaThread "pool-1-thread-1" [_thread_blocked, id=1616, stack(0x000000005acb0000,0x000000005adb0000)]
  0x000000005a7c1800 JavaThread "Thread-2" daemon [_thread_in_Java, id=7440, stack(0x000000005b160000,0x000000005b260000)]
  0x000000005a94a000 JavaThread "Thread-1" [_thread_in_native, id=6060, stack(0x000000005af00000,0x000000005b000000)]
  0x0000000058c51800 JavaThread "Service Thread" daemon [_thread_blocked, id=6672, stack(0x0000000059cb0000,0x0000000059db0000)]
  0x0000000058bd1000 JavaThread "C1 CompilerThread2" daemon [_thread_blocked, id=8212, stack(0x0000000059ba0000,0x0000000059ca0000)]
  0x0000000058bcc000 JavaThread "C2 CompilerThread1" daemon [_thread_blocked, id=6068, stack(0x00000000599f0000,0x0000000059af0000)]
  0x0000000058bc9800 JavaThread "C2 CompilerThread0" daemon [_thread_blocked, id=7652, stack(0x00000000597a0000,0x00000000598a0000)]
  0x0000000058b3a000 JavaThread "JDWP Command Reader" daemon [_thread_in_native, id=6876, stack(0x0000000059650000,0x0000000059750000)]
  0x0000000058b39000 JavaThread "JDWP Event Helper Thread" daemon [_thread_blocked, id=6384, stack(0x0000000059450000,0x0000000059550000)]
  0x000000005782c800 JavaThread "JDWP Transport Listener: dt_socket" daemon [_thread_blocked, id=6628, stack(0x0000000058f90000,0x0000000059090000)]
  0x0000000058b2b000 JavaThread "Attach Listener" daemon [_thread_blocked, id=3500, stack(0x00000000592e0000,0x00000000593e0000)]
  0x0000000058b28800 JavaThread "Signal Dispatcher" daemon [_thread_blocked, id=6456, stack(0x00000000590a0000,0x00000000591a0000)]
  0x000000005780d800 JavaThread "Finalizer" daemon [_thread_blocked, id=4988, stack(0x0000000058800000,0x0000000058900000)]
  0x0000000057806800 JavaThread "Reference Handler" daemon [_thread_blocked, id=6548, stack(0x0000000058a20000,0x0000000058b20000)]
  0x000000000224a000 JavaThread "main" [_thread_in_native, id=8188, stack(0x00000000024a0000,0x00000000025a0000)]

Other Threads:
=>0x00000000577bd800 VMThread [stack: 0x0000000058900000,0x0000000058a00000] [id=3296]
  0x0000000058c6b000 WatcherThread [stack: 0x0000000059e90000,0x0000000059f90000] [id=8172]

VM state:at safepoint (normal execution)

VM Mutex/Monitor currently owned by a thread:  ([mutex/lock_event])
[0x0000000002248a80] Threads_lock - owner thread: 0x00000000577bd800

heap address: 0x0000000080400000, size: 2044 MB, Compressed Oops mode: 32-bit
Narrow klass base: 0x0000000000000000, Narrow klass shift: 0
Compressed class space size: 1073741824 Address: 0x0000000016e30000

Heap:
 PSYoungGen      total 38400K, used 22959K [0x00000000d5700000, 0x00000000d8180000, 0x0000000100000000)
  eden space 33280K, 68% used [0x00000000d5700000,0x00000000d6d6bc18,0x00000000d7780000)
  from space 5120K, 0% used [0x00000000d7c80000,0x00000000d7c80000,0x00000000d8180000)
  to   space 5120K, 0% used [0x00000000d7780000,0x00000000d7780000,0x00000000d7c80000)
 ParOldGen       total 87552K, used 0K [0x0000000080400000, 0x0000000085980000, 0x00000000d5700000)
  object space 87552K, 0% used [0x0000000080400000,0x0000000080400000,0x0000000085980000)
 Metaspace       used 8742K, capacity 8946K, committed 9216K, reserved 1056768K
  class space    used 947K, capacity 1005K, committed 1024K, reserved 1048576K

Card table byte_map: [0x0000000011e10000,0x0000000012210000] byte_map_base: 0x0000000011a0e000

Marking Bits: (ParMarkBitMap*) 0x000000005f2fbe30
 Begin Bits: [0x0000000012a50000, 0x0000000014a40000)
 End Bits:   [0x0000000014a40000, 0x0000000016a30000)

Polling page: 0x0000000000230000

CodeCache: size=245760Kb used=2318Kb max_used=2329Kb free=243441Kb
 bounds [0x0000000002a50000, 0x0000000002cc0000, 0x0000000011a50000]
 total_blobs=836 nmethods=517 adapters=240
 compilation: enabled

Compilation events (10 events):
Event: 5.081 Thread 0x0000000058bd1000  513       3       java.lang.invoke.MethodType$ConcurrentWeakInternSet$WeakEntry::equals (49 bytes)
Event: 5.081 Thread 0x0000000058bd1000 nmethod 513 0x0000000002c93110 code [0x0000000002c932a0, 0x0000000002c93908]
Event: 5.081 Thread 0x0000000058bd1000  514       3       java.lang.invoke.MemberName::getName (25 bytes)
Event: 5.081 Thread 0x0000000058bd1000 nmethod 514 0x0000000002c93a50 code [0x0000000002c93be0, 0x0000000002c94008]
Event: 5.082 Thread 0x0000000058bd1000  515       3       java.lang.invoke.LambdaForm::parameter (52 bytes)
Event: 5.082 Thread 0x0000000058bd1000 nmethod 515 0x0000000002c91310 code [0x0000000002c91460, 0x0000000002c915f0]
Event: 68.671 Thread 0x0000000058bd1000  516       3       java.nio.charset.CoderResult::isUnderflow (13 bytes)
Event: 68.671 Thread 0x0000000058bd1000 nmethod 516 0x0000000002c94110 code [0x0000000002c94260, 0x0000000002c94410]
Event: 68.672 Thread 0x0000000058bc9800  517       4       Server.NewServer.Sender::run (11 bytes)
Event: 68.673 Thread 0x0000000058bc9800 nmethod 517 0x0000000002c97190 code [0x0000000002c972e0, 0x0000000002c973d8]

GC Heap History (0 events):
No events

Deoptimization events (0 events):
No events

Classes redefined (2 events):
Event: 61.892 Thread 0x00000000577bd800 redefined class name=Server.NewServer.ReceiverHandler$1, count=1
Event: 61.894 Thread 0x00000000577bd800 redefined class name=Server.NewServer.ReceiverHandler, count=1

Internal exceptions (10 events):
Event: 0.042 Thread 0x000000000224a000 Exception <a 'java/lang/NoSuchMethodError': Method sun.misc.Unsafe.defineClass(Ljava/lang/String;[BII)Ljava/lang/Class; name or signature does not match> (0x00000000d5707cc0) thrown at [C:\ade\jenkins\workspace\8-2-build-windows-amd64-cygwin\jdk8u241\331\
Event: 0.042 Thread 0x000000000224a000 Exception <a 'java/lang/NoSuchMethodError': Method sun.misc.Unsafe.prefetchRead(Ljava/lang/Object;J)V name or signature does not match> (0x00000000d5707fa8) thrown at [C:\ade\jenkins\workspace\8-2-build-windows-amd64-cygwin\jdk8u241\331\hotspot\src\share\
Event: 0.252 Thread 0x000000000224a000 Exception <a 'java/security/PrivilegedActionException'> (0x00000000d5b2f3e8) thrown at [C:\ade\jenkins\workspace\8-2-build-windows-amd64-cygwin\jdk8u241\331\hotspot\src\share\vm\prims\jvm.cpp, line 1502]
Event: 0.252 Thread 0x000000000224a000 Exception <a 'java/security/PrivilegedActionException'> (0x00000000d5b2f5f8) thrown at [C:\ade\jenkins\workspace\8-2-build-windows-amd64-cygwin\jdk8u241\331\hotspot\src\share\vm\prims\jvm.cpp, line 1502]
Event: 0.252 Thread 0x000000000224a000 Exception <a 'java/security/PrivilegedActionException'> (0x00000000d5b336f0) thrown at [C:\ade\jenkins\workspace\8-2-build-windows-amd64-cygwin\jdk8u241\331\hotspot\src\share\vm\prims\jvm.cpp, line 1502]
Event: 0.252 Thread 0x000000000224a000 Exception <a 'java/security/PrivilegedActionException'> (0x00000000d5b33900) thrown at [C:\ade\jenkins\workspace\8-2-build-windows-amd64-cygwin\jdk8u241\331\hotspot\src\share\vm\prims\jvm.cpp, line 1502]
Event: 0.497 Thread 0x000000000224a000 Exception <a 'java/lang/NoSuchFieldError': method resolution failed> (0x00000000d65b5a20) thrown at [C:\ade\jenkins\workspace\8-2-build-windows-amd64-cygwin\jdk8u241\331\hotspot\src\share\vm\prims\methodHandles.cpp, line 1167]
Event: 0.499 Thread 0x000000000224a000 Exception <a 'java/lang/NoSuchFieldError': method resolution failed> (0x00000000d65c3e80) thrown at [C:\ade\jenkins\workspace\8-2-build-windows-amd64-cygwin\jdk8u241\331\hotspot\src\share\vm\prims\methodHandles.cpp, line 1167]
Event: 57.693 Thread 0x000000005a7cb800 Exception <a 'sun/net/ConnectionResetException': > (0x00000000d6bfe0c0) thrown at [C:\ade\jenkins\workspace\8-2-build-windows-amd64-cygwin\jdk8u241\331\hotspot\src\share\vm\prims\jni.cpp, line 736]
Event: 57.693 Thread 0x000000005a7cb800 Exception <a 'sun/net/ConnectionResetException': > (0x00000000d6bfe2f0) thrown at [C:\ade\jenkins\workspace\8-2-build-windows-amd64-cygwin\jdk8u241\331\hotspot\src\share\vm\prims\jni.cpp, line 736]

Events (10 events):
Event: 68.669 loading class java/util/concurrent/locks/LockSupport done
Event: 68.670 Thread 0x0000000058c3e000 Thread added: 0x0000000058c3e000
Event: 68.671 Executing VM operation: RevokeBias
Event: 68.671 Executing VM operation: RevokeBias done
Event: 68.671 Thread 0x0000000058bdf800 Thread exited: 0x0000000058bdf800
Event: 68.672 Thread 0x0000000058c3d800 DEOPT PACKING pc=0x0000000002c90255 sp=0x000000005b7ef790
Event: 68.672 Thread 0x0000000058c3d800 DEOPT UNPACKING pc=0x0000000002a97890 sp=0x000000005b7ef4d0 mode 0
Event: 68.673 Executing VM operation: ForceSafepoint
Event: 68.673 Executing VM operation: ForceSafepoint done
Event: 68.683 Executing VM operation: GetOrSetLocal


Dynamic libraries:
0x000000013f7b0000 - 0x000000013f7e7000 	C:\Program Files\Java\jdk1.8.0_241\bin\java.exe
0x0000000077390000 - 0x000000007752f000 	C:\Windows\SYSTEM32\ntdll.dll
0x0000000077270000 - 0x000000007738f000 	C:\Windows\system32\kernel32.dll
0x000007fefd180000 - 0x000007fefd1e7000 	C:\Windows\system32\KERNELBASE.dll
0x000007fefd2a0000 - 0x000007fefd37b000 	C:\Windows\system32\ADVAPI32.dll
0x000007feff4b0000 - 0x000007feff54f000 	C:\Windows\system32\msvcrt.dll
0x000007feff550000 - 0x000007feff56f000 	C:\Windows\SYSTEM32\sechost.dll
0x000007fefe180000 - 0x000007fefe2ac000 	C:\Windows\system32\RPCRT4.dll
0x0000000077170000 - 0x000000007726a000 	C:\Windows\system32\USER32.dll
0x000007fefdc80000 - 0x000007fefdce7000 	C:\Windows\system32\GDI32.dll
0x000007feff610000 - 0x000007feff61e000 	C:\Windows\system32\LPK.dll
0x000007fefdbb0000 - 0x000007fefdc7b000 	C:\Windows\system32\USP10.dll
0x000007fef9c00000 - 0x000007fef9df5000 	C:\Windows\WinSxS\amd64_microsoft.windows.common-controls_6595b64144ccf1df_6.0.7601.24483_none_e372d88f30fbb845\COMCTL32.dll
0x000007feff590000 - 0x000007feff601000 	C:\Windows\system32\SHLWAPI.dll
0x000007fefdb80000 - 0x000007fefdbae000 	C:\Windows\system32\IMM32.DLL
0x000007fefdcf0000 - 0x000007fefddfb000 	C:\Windows\system32\MSCTF.dll
0x00000000638d0000 - 0x00000000639a2000 	C:\Program Files\Java\jdk1.8.0_241\jre\bin\msvcr100.dll
0x000000005ead0000 - 0x000000005f37c000 	C:\Program Files\Java\jdk1.8.0_241\jre\bin\server\jvm.dll
0x000007fee6f50000 - 0x000007fee6f59000 	C:\Windows\system32\WSOCK32.dll
0x000007fefd380000 - 0x000007fefd3cd000 	C:\Windows\system32\WS2_32.dll
0x000007fefe0d0000 - 0x000007fefe0d8000 	C:\Windows\system32\NSI.dll
0x000007feea1b0000 - 0x000007feea1eb000 	C:\Windows\system32\WINMM.dll
0x000007fefc5e0000 - 0x000007fefc5ec000 	C:\Windows\system32\VERSION.dll
0x0000000077530000 - 0x0000000077537000 	C:\Windows\system32\PSAPI.DLL
0x000007fef82f0000 - 0x000007fef82ff000 	C:\Program Files\Java\jdk1.8.0_241\jre\bin\verify.dll
0x000007fef82c0000 - 0x000007fef82e9000 	C:\Program Files\Java\jdk1.8.0_241\jre\bin\java.dll
0x000007fef9550000 - 0x000007fef9585000 	C:\Program Files\Java\jdk1.8.0_241\jre\bin\jdwp.dll
0x000007fef9540000 - 0x000007fef9548000 	C:\Program Files\Java\jdk1.8.0_241\jre\bin\npt.dll
0x000007fef7b40000 - 0x000007fef7b63000 	C:\Program Files\Java\jdk1.8.0_241\jre\bin\instrument.dll
0x000007fef82a0000 - 0x000007fef82b6000 	C:\Program Files\Java\jdk1.8.0_241\jre\bin\zip.dll
0x000007fefe520000 - 0x000007feff2ab000 	C:\Windows\system32\SHELL32.dll
0x000007feff2b0000 - 0x000007feff4af000 	C:\Windows\system32\ole32.dll
0x000007fefcee0000 - 0x000007fefceef000 	C:\Windows\system32\profapi.dll
0x000007fef9530000 - 0x000007fef9539000 	C:\Program Files\Java\jdk1.8.0_241\jre\bin\dt_socket.dll
0x000007fefc320000 - 0x000007fefc375000 	C:\Windows\system32\mswsock.dll
0x000007fef73d0000 - 0x000007fef73d7000 	C:\Windows\System32\wshtcpip.dll
0x000007fef8280000 - 0x000007fef829a000 	C:\Program Files\Java\jdk1.8.0_241\jre\bin\net.dll
0x000007fefc310000 - 0x000007fefc317000 	C:\Windows\System32\wship6.dll
0x000007fefc1a0000 - 0x000007fefc1fb000 	C:\Windows\system32\DNSAPI.dll
0x000007feeafd0000 - 0x000007feeaffe000 	C:\Program Files\Common Files\Microsoft Shared\Windows Live\WLIDNSP.DLL
0x0000000074c00000 - 0x0000000074c26000 	C:\Program Files\Bonjour\mdnsNSP.dll
0x000007fef9bd0000 - 0x000007fef9bf7000 	C:\Windows\system32\Iphlpapi.DLL
0x000007fef9bc0000 - 0x000007fef9bcb000 	C:\Windows\system32\WINNSI.DLL
0x000007fef7160000 - 0x000007fef7168000 	C:\Windows\system32\rasadhlp.dll
0x000007fef30e0000 - 0x000007fef3133000 	C:\Windows\System32\fwpuclnt.dll
0x000007fef9780000 - 0x000007fef978d000 	C:\Program Files\Java\jdk1.8.0_241\jre\bin\management.dll
0x000007fef4da0000 - 0x000007fef4db5000 	C:\Windows\system32\NLAapi.dll
0x000007fee6850000 - 0x000007fee6865000 	C:\Windows\system32\napinsp.dll
0x000007fee6550000 - 0x000007fee6569000 	C:\Windows\system32\pnrpnsp.dll
0x000007fee6520000 - 0x000007fee652b000 	C:\Windows\System32\winrnr.dll

VM Arguments:
jvm_args: -agentlib:jdwp=transport=dt_socket,address=127.0.0.1:52671,suspend=y,server=n -javaagent:C:\Users\Владимир\.IntelliJIdea2019.3\system\captureAgent\debugger-agent.jar -Dfile.encoding=windows-1251 
java_command: Server.NewServer.ServerSide New_File.xml
java_class_path (initial): C:\Program Files\Java\jdk1.8.0_241\jre\lib\charsets.jar;C:\Program Files\Java\jdk1.8.0_241\jre\lib\deploy.jar;C:\Program Files\Java\jdk1.8.0_241\jre\lib\ext\access-bridge-64.jar;C:\Program Files\Java\jdk1.8.0_241\jre\lib\ext\cldrdata.jar;C:\Program Files\Java\jdk1.8.0_241\jre\lib\ext\dnsns.jar;C:\Program Files\Java\jdk1.8.0_241\jre\lib\ext\jaccess.jar;C:\Program Files\Java\jdk1.8.0_241\jre\lib\ext\jfxrt.jar;C:\Program Files\Java\jdk1.8.0_241\jre\lib\ext\localedata.jar;C:\Program Files\Java\jdk1.8.0_241\jre\lib\ext\nashorn.jar;C:\Program Files\Java\jdk1.8.0_241\jre\lib\ext\sunec.jar;C:\Program Files\Java\jdk1.8.0_241\jre\lib\ext\sunjce_provider.jar;C:\Program Files\Java\jdk1.8.0_241\jre\lib\ext\sunmscapi.jar;C:\Program Files\Java\jdk1.8.0_241\jre\lib\ext\sunpkcs11.jar;C:\Program Files\Java\jdk1.8.0_241\jre\lib\ext\zipfs.jar;C:\Program Files\Java\jdk1.8.0_241\jre\lib\javaws.jar;C:\Program Files\Java\jdk1.8.0_241\jre\lib\jce.jar;C:\Program Files\Java\jdk1.8.0_241\jre\lib\jfr.jar;C:\Program Files\Java\jdk1.8.0_241\jre\lib\jfxswt.jar;C:\Program Files\Java\jdk1.8.0_241\jre\lib\jsse.jar;C:\Program Files\Java\jdk1.8.0_241\jre\lib\management-agent.jar;C:\Program Files\Java\jdk1.8.0_241\jre\lib\plugin.jar;C:\Program Files\Java\jdk1.8.0_241\jre\lib\resources.jar;C:\Program Files\Java\jdk1.8.0_241\jre\lib\rt.jar;C:\Users\Владимир\Desktop\Университет\Программирование\Лаба7\Lab7\out\production\Lab7;C:\Users\Владимир\Desktop\Университет\Программирование\Лаба7\postgresql-42.2.13.jar;G:\IntelliJ IDEA 2019.3.4\lib\idea_rt.jar;C:\Users\Владимир\.IntelliJIdea2019.3\system\captureAgent\debugger-agent.jar
Launcher Type: SUN_STANDARD

Environment Variables:
PATH=C:\Program Files (x86)\Common Files\Oracle\Java\javapath;C:\Program Files (x86)\Embarcadero\Studio\18.0\bin;C:\Users\Public\Documents\Embarcadero\Studio\18.0\Bpl;C:\Program Files (x86)\Embarcadero\Studio\18.0\bin64;C:\Users\Public\Documents\Embarcadero\Studio\18.0\Bpl\Win64;C:\Program Files\Common Files\Microsoft Shared\Windows Live;C:\Program Files (x86)\Common Files\Microsoft Shared\Windows Live;C:\Windows\system32;C:\Windows;C:\Windows\System32\Wbem;C:\Windows\System32\WindowsPowerShell\v1.0\;C:\Program Files (x86)\Windows Live\Shared;C:\Program Files (x86)\Microsoft SQL Server\90\Tools\binn\;C:\Program Files (x86)\NVIDIA Corporation\PhysX\Common;D:\WinSCP\;C:\Program Files (x86)\QuickTime\QTSystem\;C:\Program Files\Microsoft SQL Server\130\Tools\Binn\;F:\Program Files (x86)\Git\cmd;C:\Program Files\PuTTY\;F:\Program Files (x86)\MathLab\bin;C:\Users\Владимир\AppData\Local\Programs\Python\Python36-32\Scripts\;C:\Users\Владимир\AppData\Local\Programs\Python\Python36-32\;G:\IntelliJ IDEA 2019.3.4\bin;
USERNAME=Владимир
OS=Windows_NT
PROCESSOR_IDENTIFIER=Intel64 Family 6 Model 42 Stepping 7, GenuineIntel



---------------  S Y S T E M  ---------------

OS: Windows 7 , 64 bit Build 7601 (6.1.7601.24545)

CPU:total 4 (initial active 4) (4 cores per cpu, 1 threads per core) family 6 model 42 stepping 7, cmov, cx8, fxsr, mmx, sse, sse2, sse3, ssse3, sse4.1, sse4.2, popcnt, avx, aes, clmul, tsc, tscinvbit

Memory: 4k page, physical 8371320k(2255996k free), swap 16740740k(7814764k free)

vm_info: Java HotSpot(TM) 64-Bit Server VM (25.241-b07) for windows-amd64 JRE (1.8.0_241-b07), built on Dec 11 2019 10:21:40 by "rejava" with MS VC++ 10.0 (VS2010)

time: Wed Jun 24 02:28:48 2020
timezone: Восточная Африка (зима)
elapsed time: 68 seconds (0d 0h 1m 8s)

